Arguments: 
  /usr/local/Cellar/node/8.3.0_1/bin/node /usr/local/Cellar/yarn/0.27.5_1/libexec/bin/yarn.js publish

PATH: 
  /Users/khrykin/.rvm/gems/ruby-2.1.2/bin:/Users/khrykin/.rvm/gems/ruby-2.1.2@global/bin:/Users/khrykin/.rvm/rubies/ruby-2.1.2/bin:/usr/local/bin:/usr/bin:/bin:/usr/sbin:/sbin:/opt/X11/bin:/usr/local/git/bin:/Library/TeX/texbin:/Users/khrykin/.rvm/bin:/Users/khrykin/.node/bin

Yarn version: 
  0.27.5

Node version: 
  8.3.0

Platform: 
  darwin x64

npm manifest: 
  {
    "name": "attachments",
    "version": "0.1.2",
    "description": "Storage and model agnostic modular framework for hadling file attachments and preprocessing",
    "main": "index.js",
    "repository": "https://github.com/khrykin/attachments",
    "scripts": {
      "test": "jest"
    },
    "standard": {
      "parser": "babel-eslint",
      "env": {
        "node": true,
        "jest": true
      }
    },
    "author": "Dmitry Khrykin",
    "license": "ISC",
    "devDependencies": {
      "babel-eslint": "^7.2.3",
      "jest": "^20.0.4",
      "standard": "^10.0.3"
    }
  }

yarn manifest: 
  No manifest

Lockfile: 
  No lockfile

Trace: 
  Error: https://registry.yarnpkg.com/attachments: You must be logged in to publish packages
      at Request.params.callback [as _callback] (/usr/local/Cellar/yarn/0.27.5_1/libexec/lib/yarn-cli.js:58200:18)
      at Request.self.callback (/usr/local/Cellar/yarn/0.27.5_1/libexec/lib/yarn-cli.js:114242:22)
      at emitTwo (events.js:125:13)
      at Request.emit (events.js:213:7)
      at Request.<anonymous> (/usr/local/Cellar/yarn/0.27.5_1/libexec/lib/yarn-cli.js:115225:10)
      at emitOne (events.js:115:13)
      at Request.emit (events.js:210:7)
      at IncomingMessage.<anonymous> (/usr/local/Cellar/yarn/0.27.5_1/libexec/lib/yarn-cli.js:115145:12)
      at Object.onceWrapper (events.js:314:30)
      at emitNone (events.js:110:20)
